2025-09-20 11:48:02 | INFO     | main                     :  102 - Starting: gen_court_session_calendar
2025-09-20 11:48:02 | INFO     | main                     :  104 - Reading YAML configurations from: gen_court_session_calendar.yaml
2025-09-20 11:48:02 | ERROR    | main                     :  118 - FATAL: Missing required configuration key: 'worksheetz'
Traceback (most recent call last):

  File "P:\Project_CourthouseMonthlyCalendar\gen_court_session_calendar.py", line 128, in <module>
    typer.run(main)
    │     │   └ <function main at 0x00000289DF1BB2E0>
    │     └ <function run at 0x00000289DF13A340>
    └ <module 'typer' from 'P:\\Project_CourthouseMonthlyCalendar\\.venv\\Lib\\site-packages\\typer\\__init__.py'>

  File "P:\Project_CourthouseMonthlyCalendar\.venv\Lib\site-packages\typer\main.py", line 1071, in run
    app()
    └ <typer.main.Typer object at 0x00000289DF1C81A0>
  File "P:\Project_CourthouseMonthlyCalendar\.venv\Lib\site-packages\typer\main.py", line 308, in __call__
    return get_command(self)(*args, **kwargs)
           │           │      │       └ {}
           │           │      └ ()
           │           └ <typer.main.Typer object at 0x00000289DF1C81A0>
           └ <function get_command at 0x00000289DF139800>
  File "P:\Project_CourthouseMonthlyCalendar\.venv\Lib\site-packages\click\core.py", line 1462, in __call__
    return self.main(*args, **kwargs)
           │    │     │       └ {}
           │    │     └ ()
           │    └ <function TyperCommand.main at 0x00000289DF138E00>
           └ <TyperCommand main>
  File "P:\Project_CourthouseMonthlyCalendar\.venv\Lib\site-packages\typer\core.py", line 719, in main
    return _main(
           └ <function _main at 0x00000289DF138040>
  File "P:\Project_CourthouseMonthlyCalendar\.venv\Lib\site-packages\typer\core.py", line 192, in _main
    rv = self.invoke(ctx)
         │    │      └ <click.core.Context object at 0x00000289DF1C8830>
         │    └ <function Command.invoke at 0x00000289DF0E00E0>
         └ <TyperCommand main>
  File "P:\Project_CourthouseMonthlyCalendar\.venv\Lib\site-packages\click\core.py", line 1246, in invoke
    return ctx.invoke(self.callback, **ctx.params)
           │   │      │    │           │   └ {'config_file': 'gen_court_session_calendar.ini', 'yaml_config_file': 'gen_court_session_calendar.yaml'}
           │   │      │    │           └ <click.core.Context object at 0x00000289DF1C8830>
           │   │      │    └ <function main at 0x00000289DF1BB560>
           │   │      └ <TyperCommand main>
           │   └ <function Context.invoke at 0x00000289DF0DB2E0>
           └ <click.core.Context object at 0x00000289DF1C8830>
  File "P:\Project_CourthouseMonthlyCalendar\.venv\Lib\site-packages\click\core.py", line 814, in invoke
    return callback(*args, **kwargs)
           │         │       └ {'config_file': 'gen_court_session_calendar.ini', 'yaml_config_file': 'gen_court_session_calendar.yaml'}
           │         └ ()
           └ <function main at 0x00000289DF1BB560>
  File "P:\Project_CourthouseMonthlyCalendar\.venv\Lib\site-packages\typer\main.py", line 685, in wrapper
    return callback(**use_params)
           │          └ {'config_file': 'gen_court_session_calendar.ini', 'yaml_config_file': 'gen_court_session_calendar.yaml'}
           └ <function main at 0x00000289DF1BB2E0>

> File "P:\Project_CourthouseMonthlyCalendar\gen_court_session_calendar.py", line 112, in main
    for section in yaml_config['worksheetz']:
                   └ {'ARGBColors': {'Red': 'FFFF0000', 'Blue': 'FF0000FF', 'Blue_Dark': 'FF00008B', 'Blue_Light': 'FFADD8E6', 'Blue_Navy': 'FF000...

KeyError: 'worksheetz'
2025-09-20 12:07:24 | INFO     | main                     :  102 - Starting: gen_court_session_calendar
2025-09-20 12:07:24 | INFO     | main                     :  104 - Reading YAML configurations from: gen_court_session_calendar.yaml
2025-09-20 12:07:24 | ERROR    | main                     :  127 - FATAL: Application terminated due to an unexpected unhandled exception.
Traceback (most recent call last):

  File "P:\Project_CourthouseMonthlyCalendar\gen_court_session_calendar.py", line 130, in <module>
    typer.run(main)
    │     │   └ <function main at 0x00000262B541B2E0>
    │     └ <function run at 0x00000262B539A340>
    └ <module 'typer' from 'P:\\Project_CourthouseMonthlyCalendar\\.venv\\Lib\\site-packages\\typer\\__init__.py'>

  File "P:\Project_CourthouseMonthlyCalendar\.venv\Lib\site-packages\typer\main.py", line 1071, in run
    app()
    └ <typer.main.Typer object at 0x00000262B54281A0>
  File "P:\Project_CourthouseMonthlyCalendar\.venv\Lib\site-packages\typer\main.py", line 308, in __call__
    return get_command(self)(*args, **kwargs)
           │           │      │       └ {}
           │           │      └ ()
           │           └ <typer.main.Typer object at 0x00000262B54281A0>
           └ <function get_command at 0x00000262B5399800>
  File "P:\Project_CourthouseMonthlyCalendar\.venv\Lib\site-packages\click\core.py", line 1462, in __call__
    return self.main(*args, **kwargs)
           │    │     │       └ {}
           │    │     └ ()
           │    └ <function TyperCommand.main at 0x00000262B5398E00>
           └ <TyperCommand main>
  File "P:\Project_CourthouseMonthlyCalendar\.venv\Lib\site-packages\typer\core.py", line 719, in main
    return _main(
           └ <function _main at 0x00000262B5398040>
  File "P:\Project_CourthouseMonthlyCalendar\.venv\Lib\site-packages\typer\core.py", line 192, in _main
    rv = self.invoke(ctx)
         │    │      └ <click.core.Context object at 0x00000262B5428830>
         │    └ <function Command.invoke at 0x00000262B53400E0>
         └ <TyperCommand main>
  File "P:\Project_CourthouseMonthlyCalendar\.venv\Lib\site-packages\click\core.py", line 1246, in invoke
    return ctx.invoke(self.callback, **ctx.params)
           │   │      │    │           │   └ {'config_file': 'gen_court_session_calendar.ini', 'yaml_config_file': 'gen_court_session_calendar.yaml'}
           │   │      │    │           └ <click.core.Context object at 0x00000262B5428830>
           │   │      │    └ <function main at 0x00000262B541B560>
           │   │      └ <TyperCommand main>
           │   └ <function Context.invoke at 0x00000262B533B2E0>
           └ <click.core.Context object at 0x00000262B5428830>
  File "P:\Project_CourthouseMonthlyCalendar\.venv\Lib\site-packages\click\core.py", line 814, in invoke
    return callback(*args, **kwargs)
           │         │       └ {'config_file': 'gen_court_session_calendar.ini', 'yaml_config_file': 'gen_court_session_calendar.yaml'}
           │         └ ()
           └ <function main at 0x00000262B541B560>
  File "P:\Project_CourthouseMonthlyCalendar\.venv\Lib\site-packages\typer\main.py", line 685, in wrapper
    return callback(**use_params)
           │          └ {'config_file': 'gen_court_session_calendar.ini', 'yaml_config_file': 'gen_court_session_calendar.yaml'}
           └ <function main at 0x00000262B541B2E0>

> File "P:\Project_CourthouseMonthlyCalendar\gen_court_session_calendar.py", line 113, in main
    if section.get('column_width_inches',None) is not None:
       └ 'title'

AttributeError: 'str' object has no attribute 'get'
2025-09-20 12:08:18 | INFO     | main                     :  102 - Starting: gen_court_session_calendar
2025-09-20 12:08:18 | INFO     | main                     :  104 - Reading YAML configurations from: gen_court_session_calendar.yaml
2025-09-20 12:08:59 | ERROR    | main                     :  128 - FATAL: Application terminated due to an unexpected unhandled exception.
Traceback (most recent call last):

  File "P:\Project_CourthouseMonthlyCalendar\gen_court_session_calendar.py", line 131, in <module>
    typer.run(main)
    │     │   └ <function main at 0x000002C588C3B2E0>
    │     └ <function run at 0x000002C588BCA340>
    └ <module 'typer' from 'P:\\Project_CourthouseMonthlyCalendar\\.venv\\Lib\\site-packages\\typer\\__init__.py'>

  File "P:\Project_CourthouseMonthlyCalendar\.venv\Lib\site-packages\typer\main.py", line 1071, in run
    app()
    └ <typer.main.Typer object at 0x000002C588C481A0>
  File "P:\Project_CourthouseMonthlyCalendar\.venv\Lib\site-packages\typer\main.py", line 308, in __call__
    return get_command(self)(*args, **kwargs)
           │           │      │       └ {}
           │           │      └ ()
           │           └ <typer.main.Typer object at 0x000002C588C481A0>
           └ <function get_command at 0x000002C588BC9800>
  File "P:\Project_CourthouseMonthlyCalendar\.venv\Lib\site-packages\click\core.py", line 1462, in __call__
    return self.main(*args, **kwargs)
           │    │     │       └ {}
           │    │     └ ()
           │    └ <function TyperCommand.main at 0x000002C588BC8E00>
           └ <TyperCommand main>
  File "P:\Project_CourthouseMonthlyCalendar\.venv\Lib\site-packages\typer\core.py", line 719, in main
    return _main(
           └ <function _main at 0x000002C588BC8040>
  File "P:\Project_CourthouseMonthlyCalendar\.venv\Lib\site-packages\typer\core.py", line 192, in _main
    rv = self.invoke(ctx)
         │    │      └ <click.core.Context object at 0x000002C588C48830>
         │    └ <function Command.invoke at 0x000002C588B700E0>
         └ <TyperCommand main>
  File "P:\Project_CourthouseMonthlyCalendar\.venv\Lib\site-packages\click\core.py", line 1246, in invoke
    return ctx.invoke(self.callback, **ctx.params)
           │   │      │    │           │   └ {'config_file': 'gen_court_session_calendar.ini', 'yaml_config_file': 'gen_court_session_calendar.yaml'}
           │   │      │    │           └ <click.core.Context object at 0x000002C588C48830>
           │   │      │    └ <function main at 0x000002C588C3B560>
           │   │      └ <TyperCommand main>
           │   └ <function Context.invoke at 0x000002C588B6B2E0>
           └ <click.core.Context object at 0x000002C588C48830>
  File "P:\Project_CourthouseMonthlyCalendar\.venv\Lib\site-packages\click\core.py", line 814, in invoke
    return callback(*args, **kwargs)
           │         │       └ {'config_file': 'gen_court_session_calendar.ini', 'yaml_config_file': 'gen_court_session_calendar.yaml'}
           │         └ ()
           └ <function main at 0x000002C588C3B560>
  File "P:\Project_CourthouseMonthlyCalendar\.venv\Lib\site-packages\typer\main.py", line 685, in wrapper
    return callback(**use_params)
           │          └ {'config_file': 'gen_court_session_calendar.ini', 'yaml_config_file': 'gen_court_session_calendar.yaml'}
           └ <function main at 0x000002C588C3B2E0>

> File "P:\Project_CourthouseMonthlyCalendar\gen_court_session_calendar.py", line 112, in main
    breakpoint()

  File "c:\bin\Python313\Lib\bdb.py", line 116, in trace_dispatch
    return self.dispatch_opcode(frame, arg)
           │    │               │      └ None
           │    │               └ <frame at 0x000002C588C9C040, file 'P:\\Project_CourthouseMonthlyCalendar\\gen_court_session_calendar.py', line 128, code main>
           │    └ <function Bdb.dispatch_opcode at 0x000002C588CE4720>
           └ <pdb.Pdb object at 0x000002C588CA9D30>
  File "c:\bin\Python313\Lib\bdb.py", line 216, in dispatch_opcode
    if self.quitting: raise BdbQuit
       │    │               └ <class 'bdb.BdbQuit'>
       │    └ True
       └ <pdb.Pdb object at 0x000002C588CA9D30>

bdb.BdbQuit
2025-09-20 12:11:16 | INFO     | main                     :  102 - Starting: gen_court_session_calendar
2025-09-20 12:11:16 | INFO     | main                     :  104 - Reading YAML configurations from: gen_court_session_calendar.yaml
2025-09-20 12:19:09 | INFO     | main                     :  102 - Starting: gen_court_session_calendar
2025-09-20 12:19:09 | INFO     | main                     :  104 - Reading YAML configurations from: gen_court_session_calendar.yaml
2025-09-20 12:20:12 | ERROR    | main                     :  131 - FATAL: Application terminated due to an unexpected unhandled exception.
Traceback (most recent call last):

  File "P:\Project_CourthouseMonthlyCalendar\gen_court_session_calendar.py", line 134, in <module>
    typer.run(main)
    │     │   └ <function main at 0x0000016C2431B2E0>
    │     └ <function run at 0x0000016C2429A340>
    └ <module 'typer' from 'P:\\Project_CourthouseMonthlyCalendar\\.venv\\Lib\\site-packages\\typer\\__init__.py'>

  File "P:\Project_CourthouseMonthlyCalendar\.venv\Lib\site-packages\typer\main.py", line 1071, in run
    app()
    └ <typer.main.Typer object at 0x0000016C243281A0>
  File "P:\Project_CourthouseMonthlyCalendar\.venv\Lib\site-packages\typer\main.py", line 308, in __call__
    return get_command(self)(*args, **kwargs)
           │           │      │       └ {}
           │           │      └ ()
           │           └ <typer.main.Typer object at 0x0000016C243281A0>
           └ <function get_command at 0x0000016C24299800>
  File "P:\Project_CourthouseMonthlyCalendar\.venv\Lib\site-packages\click\core.py", line 1462, in __call__
    return self.main(*args, **kwargs)
           │    │     │       └ {}
           │    │     └ ()
           │    └ <function TyperCommand.main at 0x0000016C24298E00>
           └ <TyperCommand main>
  File "P:\Project_CourthouseMonthlyCalendar\.venv\Lib\site-packages\typer\core.py", line 719, in main
    return _main(
           └ <function _main at 0x0000016C24298040>
  File "P:\Project_CourthouseMonthlyCalendar\.venv\Lib\site-packages\typer\core.py", line 192, in _main
    rv = self.invoke(ctx)
         │    │      └ <click.core.Context object at 0x0000016C24328830>
         │    └ <function Command.invoke at 0x0000016C242400E0>
         └ <TyperCommand main>
  File "P:\Project_CourthouseMonthlyCalendar\.venv\Lib\site-packages\click\core.py", line 1246, in invoke
    return ctx.invoke(self.callback, **ctx.params)
           │   │      │    │           │   └ {'config_file': 'gen_court_session_calendar.ini', 'yaml_config_file': 'gen_court_session_calendar.yaml'}
           │   │      │    │           └ <click.core.Context object at 0x0000016C24328830>
           │   │      │    └ <function main at 0x0000016C2431B560>
           │   │      └ <TyperCommand main>
           │   └ <function Context.invoke at 0x0000016C2423B2E0>
           └ <click.core.Context object at 0x0000016C24328830>
  File "P:\Project_CourthouseMonthlyCalendar\.venv\Lib\site-packages\click\core.py", line 814, in invoke
    return callback(*args, **kwargs)
           │         │       └ {'config_file': 'gen_court_session_calendar.ini', 'yaml_config_file': 'gen_court_session_calendar.yaml'}
           │         └ ()
           └ <function main at 0x0000016C2431B560>
  File "P:\Project_CourthouseMonthlyCalendar\.venv\Lib\site-packages\typer\main.py", line 685, in wrapper
    return callback(**use_params)
           │          └ {'config_file': 'gen_court_session_calendar.ini', 'yaml_config_file': 'gen_court_session_calendar.yaml'}
           └ <function main at 0x0000016C2431B2E0>

> File "P:\Project_CourthouseMonthlyCalendar\gen_court_session_calendar.py", line 118, in main
    for col_idx in range(v['cell_range']['top_left_cell'],v['cell_range']['bottom_right_cell']):
                         │                                └ {'cell_range': {'top_left_cell': 'A4', 'bottom_right_cell': 'E5', 'merge_cells': 'Column'}, 'column_width_inches': 1.59, 'tex...
                         └ {'cell_range': {'top_left_cell': 'A4', 'bottom_right_cell': 'E5', 'merge_cells': 'Column'}, 'column_width_inches': 1.59, 'tex...

  File "c:\bin\Python313\Lib\bdb.py", line 102, in trace_dispatch
    return self.dispatch_line(frame)
           │    │             └ <frame at 0x0000016C24369E40, file 'P:\\Project_CourthouseMonthlyCalendar\\gen_court_session_calendar.py', line 131, code main>
           │    └ <function Bdb.dispatch_line at 0x0000016C243C44A0>
           └ <pdb.Pdb object at 0x0000016C2436B390>
  File "c:\bin\Python313\Lib\bdb.py", line 129, in dispatch_line
    if self.quitting: raise BdbQuit
       │    │               └ <class 'bdb.BdbQuit'>
       │    └ True
       └ <pdb.Pdb object at 0x0000016C2436B390>

bdb.BdbQuit
2025-09-20 12:22:47 | INFO     | main                     :  102 - Starting: gen_court_session_calendar
2025-09-20 12:22:47 | INFO     | main                     :  104 - Reading YAML configurations from: gen_court_session_calendar.yaml
2025-09-20 12:23:12 | ERROR    | main                     :  133 - FATAL: Application terminated due to an unexpected unhandled exception.
Traceback (most recent call last):

  File "P:\Project_CourthouseMonthlyCalendar\.venv\Lib\site-packages\openpyxl\utils\cell.py", line 130, in column_index_from_string
    pos = __alpha_to_decimal[letter]
          │                  └ '4'
          └ {'A': 1, 'B': 2, 'C': 3, 'D': 4, 'E': 5, 'F': 6, 'G': 7, 'H': 8, 'I': 9, 'J': 10, 'K': 11, 'L': 12, 'M': 13, 'N': 14, 'O': 15...

KeyError: '4'


During handling of the above exception, another exception occurred:


Traceback (most recent call last):

  File "P:\Project_CourthouseMonthlyCalendar\gen_court_session_calendar.py", line 136, in <module>
    typer.run(main)
    │     │   └ <function main at 0x00000228ED96B380>
    │     └ <function run at 0x00000228ED8EA3E0>
    └ <module 'typer' from 'P:\\Project_CourthouseMonthlyCalendar\\.venv\\Lib\\site-packages\\typer\\__init__.py'>

  File "P:\Project_CourthouseMonthlyCalendar\.venv\Lib\site-packages\typer\main.py", line 1071, in run
    app()
    └ <typer.main.Typer object at 0x00000228ED9781A0>
  File "P:\Project_CourthouseMonthlyCalendar\.venv\Lib\site-packages\typer\main.py", line 308, in __call__
    return get_command(self)(*args, **kwargs)
           │           │      │       └ {}
           │           │      └ ()
           │           └ <typer.main.Typer object at 0x00000228ED9781A0>
           └ <function get_command at 0x00000228ED8E98A0>
  File "P:\Project_CourthouseMonthlyCalendar\.venv\Lib\site-packages\click\core.py", line 1462, in __call__
    return self.main(*args, **kwargs)
           │    │     │       └ {}
           │    │     └ ()
           │    └ <function TyperCommand.main at 0x00000228ED8E8EA0>
           └ <TyperCommand main>
  File "P:\Project_CourthouseMonthlyCalendar\.venv\Lib\site-packages\typer\core.py", line 719, in main
    return _main(
           └ <function _main at 0x00000228ED8E80E0>
  File "P:\Project_CourthouseMonthlyCalendar\.venv\Lib\site-packages\typer\core.py", line 192, in _main
    rv = self.invoke(ctx)
         │    │      └ <click.core.Context object at 0x00000228ED978830>
         │    └ <function Command.invoke at 0x00000228ED890180>
         └ <TyperCommand main>
  File "P:\Project_CourthouseMonthlyCalendar\.venv\Lib\site-packages\click\core.py", line 1246, in invoke
    return ctx.invoke(self.callback, **ctx.params)
           │   │      │    │           │   └ {'config_file': 'gen_court_session_calendar.ini', 'yaml_config_file': 'gen_court_session_calendar.yaml'}
           │   │      │    │           └ <click.core.Context object at 0x00000228ED978830>
           │   │      │    └ <function main at 0x00000228ED96B740>
           │   │      └ <TyperCommand main>
           │   └ <function Context.invoke at 0x00000228ED88B380>
           └ <click.core.Context object at 0x00000228ED978830>
  File "P:\Project_CourthouseMonthlyCalendar\.venv\Lib\site-packages\click\core.py", line 814, in invoke
    return callback(*args, **kwargs)
           │         │       └ {'config_file': 'gen_court_session_calendar.ini', 'yaml_config_file': 'gen_court_session_calendar.yaml'}
           │         └ ()
           └ <function main at 0x00000228ED96B740>
  File "P:\Project_CourthouseMonthlyCalendar\.venv\Lib\site-packages\typer\main.py", line 685, in wrapper
    return callback(**use_params)
           │          └ {'config_file': 'gen_court_session_calendar.ini', 'yaml_config_file': 'gen_court_session_calendar.yaml'}
           └ <function main at 0x00000228ED96B380>

> File "P:\Project_CourthouseMonthlyCalendar\gen_court_session_calendar.py", line 118, in main
    col_idx_start = column_index_from_string(v['cell_range']['top_left_cell'])
                    │                        └ {'cell_range': {'top_left_cell': 'A4', 'bottom_right_cell': 'E5', 'merge_cells': 'Column'}, 'column_width_inches': 1.59, 'tex...
                    └ <functools._lru_cache_wrapper object at 0x00000228ED44C510>

  File "P:\Project_CourthouseMonthlyCalendar\.venv\Lib\site-packages\openpyxl\utils\cell.py", line 132, in column_index_from_string
    raise ValueError(error_msg)
                     └ "'A4' is not a valid column name. Column names are from A to ZZZ"

ValueError: 'A4' is not a valid column name. Column names are from A to ZZZ
2025-09-20 12:25:54 | INFO     | main                     :  102 - Starting: gen_court_session_calendar
2025-09-20 12:25:54 | INFO     | main                     :  104 - Reading YAML configurations from: gen_court_session_calendar.yaml
2025-09-20 12:27:41 | INFO     | main                     :  102 - Starting: gen_court_session_calendar
2025-09-20 12:27:41 | INFO     | main                     :  104 - Reading YAML configurations from: gen_court_session_calendar.yaml
2025-09-20 13:03:44 | INFO     | main                     :  102 - Starting: gen_court_session_calendar
2025-09-20 13:03:44 | INFO     | main                     :  104 - Reading YAML configurations from: gen_court_session_calendar.yaml
2025-09-20 13:03:44 | ERROR    | main                     :  167 - FATAL: Application terminated due to an unexpected unhandled exception.
Traceback (most recent call last):

  File "P:\Project_CourthouseMonthlyCalendar\gen_court_session_calendar.py", line 170, in <module>
    typer.run(main)
    │     │   └ <function main at 0x000001F1DF8BB2E0>
    │     └ <function run at 0x000001F1DF83E340>
    └ <module 'typer' from 'P:\\Project_CourthouseMonthlyCalendar\\.venv\\Lib\\site-packages\\typer\\__init__.py'>

  File "P:\Project_CourthouseMonthlyCalendar\.venv\Lib\site-packages\typer\main.py", line 1071, in run
    app()
    └ <typer.main.Typer object at 0x000001F1DF8C82F0>
  File "P:\Project_CourthouseMonthlyCalendar\.venv\Lib\site-packages\typer\main.py", line 308, in __call__
    return get_command(self)(*args, **kwargs)
           │           │      │       └ {}
           │           │      └ ()
           │           └ <typer.main.Typer object at 0x000001F1DF8C82F0>
           └ <function get_command at 0x000001F1DF83D800>
  File "P:\Project_CourthouseMonthlyCalendar\.venv\Lib\site-packages\click\core.py", line 1462, in __call__
    return self.main(*args, **kwargs)
           │    │     │       └ {}
           │    │     └ ()
           │    └ <function TyperCommand.main at 0x000001F1DF83CE00>
           └ <TyperCommand main>
  File "P:\Project_CourthouseMonthlyCalendar\.venv\Lib\site-packages\typer\core.py", line 719, in main
    return _main(
           └ <function _main at 0x000001F1DF83C040>
  File "P:\Project_CourthouseMonthlyCalendar\.venv\Lib\site-packages\typer\core.py", line 192, in _main
    rv = self.invoke(ctx)
         │    │      └ <click.core.Context object at 0x000001F1DF8C8980>
         │    └ <function Command.invoke at 0x000001F1DF7E00E0>
         └ <TyperCommand main>
  File "P:\Project_CourthouseMonthlyCalendar\.venv\Lib\site-packages\click\core.py", line 1246, in invoke
    return ctx.invoke(self.callback, **ctx.params)
           │   │      │    │           │   └ {'config_file': 'gen_court_session_calendar.ini', 'yaml_config_file': 'gen_court_session_calendar.yaml'}
           │   │      │    │           └ <click.core.Context object at 0x000001F1DF8C8980>
           │   │      │    └ <function main at 0x000001F1DF8BB560>
           │   │      └ <TyperCommand main>
           │   └ <function Context.invoke at 0x000001F1DF7DF2E0>
           └ <click.core.Context object at 0x000001F1DF8C8980>
  File "P:\Project_CourthouseMonthlyCalendar\.venv\Lib\site-packages\click\core.py", line 814, in invoke
    return callback(*args, **kwargs)
           │         │       └ {'config_file': 'gen_court_session_calendar.ini', 'yaml_config_file': 'gen_court_session_calendar.yaml'}
           │         └ ()
           └ <function main at 0x000001F1DF8BB560>
  File "P:\Project_CourthouseMonthlyCalendar\.venv\Lib\site-packages\typer\main.py", line 685, in wrapper
    return callback(**use_params)
           │          └ {'config_file': 'gen_court_session_calendar.ini', 'yaml_config_file': 'gen_court_session_calendar.yaml'}
           └ <function main at 0x000001F1DF8BB2E0>

> File "P:\Project_CourthouseMonthlyCalendar\gen_court_session_calendar.py", line 121, in main
    ws[top_left_cell] = v['text']
    │  │                └ {'cell_range': {'top_left_cell': 'A1', 'bottom_right_cell': 'E2', 'merge_cells': 'ByBoth'}, 'text': ['January 2025 Superior C...
    │  └ 'A1'
    └ <Worksheet "Sheet">

  File "P:\Project_CourthouseMonthlyCalendar\.venv\Lib\site-packages\openpyxl\worksheet\worksheet.py", line 317, in __setitem__
    self[key].value = value
    │    │            └ ['January 2025 Superior Court Master Calendar']
    │    └ 'A1'
    └ <Worksheet "Sheet">
  File "P:\Project_CourthouseMonthlyCalendar\.venv\Lib\site-packages\openpyxl\cell\cell.py", line 218, in value
    self._bind_value(value)
    │    │           └ ['January 2025 Superior Court Master Calendar']
    │    └ <function Cell._bind_value at 0x000001F1DF488680>
    └ <Cell 'Sheet'.A1>
  File "P:\Project_CourthouseMonthlyCalendar\.venv\Lib\site-packages\openpyxl\cell\cell.py", line 187, in _bind_value
    raise ValueError("Cannot convert {0!r} to Excel".format(value))
                                                            └ ['January 2025 Superior Court Master Calendar']

ValueError: Cannot convert ['January 2025 Superior Court Master Calendar'] to Excel
2025-09-20 13:05:12 | INFO     | main                     :  102 - Starting: gen_court_session_calendar
2025-09-20 13:05:12 | INFO     | main                     :  104 - Reading YAML configurations from: gen_court_session_calendar.yaml
2025-09-20 13:06:20 | ERROR    | main                     :  168 - FATAL: Application terminated due to an unexpected unhandled exception.
Traceback (most recent call last):

  File "P:\Project_CourthouseMonthlyCalendar\gen_court_session_calendar.py", line 171, in <module>
    typer.run(main)
    │     │   └ <function main at 0x000001D5C9A4F2E0>
    │     └ <function run at 0x000001D5C99CE340>
    └ <module 'typer' from 'P:\\Project_CourthouseMonthlyCalendar\\.venv\\Lib\\site-packages\\typer\\__init__.py'>

  File "P:\Project_CourthouseMonthlyCalendar\.venv\Lib\site-packages\typer\main.py", line 1071, in run
    app()
    └ <typer.main.Typer object at 0x000001D5C9A582F0>
  File "P:\Project_CourthouseMonthlyCalendar\.venv\Lib\site-packages\typer\main.py", line 308, in __call__
    return get_command(self)(*args, **kwargs)
           │           │      │       └ {}
           │           │      └ ()
           │           └ <typer.main.Typer object at 0x000001D5C9A582F0>
           └ <function get_command at 0x000001D5C99CD800>
  File "P:\Project_CourthouseMonthlyCalendar\.venv\Lib\site-packages\click\core.py", line 1462, in __call__
    return self.main(*args, **kwargs)
           │    │     │       └ {}
           │    │     └ ()
           │    └ <function TyperCommand.main at 0x000001D5C99CCE00>
           └ <TyperCommand main>
  File "P:\Project_CourthouseMonthlyCalendar\.venv\Lib\site-packages\typer\core.py", line 719, in main
    return _main(
           └ <function _main at 0x000001D5C99CC040>
  File "P:\Project_CourthouseMonthlyCalendar\.venv\Lib\site-packages\typer\core.py", line 192, in _main
    rv = self.invoke(ctx)
         │    │      └ <click.core.Context object at 0x000001D5C9A58980>
         │    └ <function Command.invoke at 0x000001D5C99740E0>
         └ <TyperCommand main>
  File "P:\Project_CourthouseMonthlyCalendar\.venv\Lib\site-packages\click\core.py", line 1246, in invoke
    return ctx.invoke(self.callback, **ctx.params)
           │   │      │    │           │   └ {'config_file': 'gen_court_session_calendar.ini', 'yaml_config_file': 'gen_court_session_calendar.yaml'}
           │   │      │    │           └ <click.core.Context object at 0x000001D5C9A58980>
           │   │      │    └ <function main at 0x000001D5C9A4F560>
           │   │      └ <TyperCommand main>
           │   └ <function Context.invoke at 0x000001D5C996F2E0>
           └ <click.core.Context object at 0x000001D5C9A58980>
  File "P:\Project_CourthouseMonthlyCalendar\.venv\Lib\site-packages\click\core.py", line 814, in invoke
    return callback(*args, **kwargs)
           │         │       └ {'config_file': 'gen_court_session_calendar.ini', 'yaml_config_file': 'gen_court_session_calendar.yaml'}
           │         └ ()
           └ <function main at 0x000001D5C9A4F560>
  File "P:\Project_CourthouseMonthlyCalendar\.venv\Lib\site-packages\typer\main.py", line 685, in wrapper
    return callback(**use_params)
           │          └ {'config_file': 'gen_court_session_calendar.ini', 'yaml_config_file': 'gen_court_session_calendar.yaml'}
           └ <function main at 0x000001D5C9A4F2E0>

> File "P:\Project_CourthouseMonthlyCalendar\gen_court_session_calendar.py", line 121, in main
    breakpoint()

  File "c:\bin\Python313\Lib\bdb.py", line 116, in trace_dispatch
    return self.dispatch_opcode(frame, arg)
           │    │               │      └ None
           │    │               └ <frame at 0x000001D5C9A2D380, file 'P:\\Project_CourthouseMonthlyCalendar\\gen_court_session_calendar.py', line 168, code main>
           │    └ <function Bdb.dispatch_opcode at 0x000001D5C9AF8720>
           └ <pdb.Pdb object at 0x000001D5C9AB9FD0>
  File "c:\bin\Python313\Lib\bdb.py", line 216, in dispatch_opcode
    if self.quitting: raise BdbQuit
       │    │               └ <class 'bdb.BdbQuit'>
       │    └ True
       └ <pdb.Pdb object at 0x000001D5C9AB9FD0>

bdb.BdbQuit
2025-09-20 13:06:49 | INFO     | main                     :  102 - Starting: gen_court_session_calendar
2025-09-20 13:06:49 | INFO     | main                     :  104 - Reading YAML configurations from: gen_court_session_calendar.yaml
2025-09-20 13:06:49 | ERROR    | main                     :  167 - FATAL: Application terminated due to an unexpected unhandled exception.
Traceback (most recent call last):

  File "P:\Project_CourthouseMonthlyCalendar\gen_court_session_calendar.py", line 170, in <module>
    typer.run(main)
    │     │   └ <function main at 0x000001966B5FB2E0>
    │     └ <function run at 0x000001966B57E340>
    └ <module 'typer' from 'P:\\Project_CourthouseMonthlyCalendar\\.venv\\Lib\\site-packages\\typer\\__init__.py'>

  File "P:\Project_CourthouseMonthlyCalendar\.venv\Lib\site-packages\typer\main.py", line 1071, in run
    app()
    └ <typer.main.Typer object at 0x000001966B6082F0>
  File "P:\Project_CourthouseMonthlyCalendar\.venv\Lib\site-packages\typer\main.py", line 308, in __call__
    return get_command(self)(*args, **kwargs)
           │           │      │       └ {}
           │           │      └ ()
           │           └ <typer.main.Typer object at 0x000001966B6082F0>
           └ <function get_command at 0x000001966B57D800>
  File "P:\Project_CourthouseMonthlyCalendar\.venv\Lib\site-packages\click\core.py", line 1462, in __call__
    return self.main(*args, **kwargs)
           │    │     │       └ {}
           │    │     └ ()
           │    └ <function TyperCommand.main at 0x000001966B57CE00>
           └ <TyperCommand main>
  File "P:\Project_CourthouseMonthlyCalendar\.venv\Lib\site-packages\typer\core.py", line 719, in main
    return _main(
           └ <function _main at 0x000001966B57C040>
  File "P:\Project_CourthouseMonthlyCalendar\.venv\Lib\site-packages\typer\core.py", line 192, in _main
    rv = self.invoke(ctx)
         │    │      └ <click.core.Context object at 0x000001966B608980>
         │    └ <function Command.invoke at 0x000001966B5240E0>
         └ <TyperCommand main>
  File "P:\Project_CourthouseMonthlyCalendar\.venv\Lib\site-packages\click\core.py", line 1246, in invoke
    return ctx.invoke(self.callback, **ctx.params)
           │   │      │    │           │   └ {'config_file': 'gen_court_session_calendar.ini', 'yaml_config_file': 'gen_court_session_calendar.yaml'}
           │   │      │    │           └ <click.core.Context object at 0x000001966B608980>
           │   │      │    └ <function main at 0x000001966B5FB560>
           │   │      └ <TyperCommand main>
           │   └ <function Context.invoke at 0x000001966B51F2E0>
           └ <click.core.Context object at 0x000001966B608980>
  File "P:\Project_CourthouseMonthlyCalendar\.venv\Lib\site-packages\click\core.py", line 814, in invoke
    return callback(*args, **kwargs)
           │         │       └ {'config_file': 'gen_court_session_calendar.ini', 'yaml_config_file': 'gen_court_session_calendar.yaml'}
           │         └ ()
           └ <function main at 0x000001966B5FB560>
  File "P:\Project_CourthouseMonthlyCalendar\.venv\Lib\site-packages\typer\main.py", line 685, in wrapper
    return callback(**use_params)
           │          └ {'config_file': 'gen_court_session_calendar.ini', 'yaml_config_file': 'gen_court_session_calendar.yaml'}
           └ <function main at 0x000001966B5FB2E0>

> File "P:\Project_CourthouseMonthlyCalendar\gen_court_session_calendar.py", line 123, in main
    title_font = Font(
                 └ <class 'openpyxl.styles.fonts.Font'>

  File "P:\Project_CourthouseMonthlyCalendar\.venv\Lib\site-packages\openpyxl\styles\fonts.py", line 91, in __init__
    self.color = color
    │    │       └ 'White'
    │    └ Values must be of type <class 'openpyxl.styles.colors.Color'>
    └ <openpyxl.styles.fonts.Font object>
      Parameters:
      name='Arial', charset=None, family=None, b=True, i=False, strike=None, outlin...
  File "P:\Project_CourthouseMonthlyCalendar\.venv\Lib\site-packages\openpyxl\styles\colors.py", line 133, in __set__
    value = Color(rgb=value)
            │         └ 'White'
            └ <class 'openpyxl.styles.colors.Color'>
  File "P:\Project_CourthouseMonthlyCalendar\.venv\Lib\site-packages\openpyxl\styles\colors.py", line 93, in __init__
    self.rgb = rgb
    │    │     └ 'White'
    │    └ Values must be of type <class 'str'>
    └ <openpyxl.styles.colors.Color object>
      Parameters:
      rgb=None, indexed=None, auto=None, theme=None, tint=None, type=None
  File "P:\Project_CourthouseMonthlyCalendar\.venv\Lib\site-packages\openpyxl\styles\colors.py", line 61, in __set__
    raise ValueError("Colors must be aRGB hex values")

ValueError: Colors must be aRGB hex values
2025-09-20 13:08:21 | INFO     | main                     :  102 - Starting: gen_court_session_calendar
2025-09-20 13:08:21 | INFO     | main                     :  104 - Reading YAML configurations from: gen_court_session_calendar.yaml
2025-09-20 13:08:51 | ERROR    | main                     :  168 - FATAL: Application terminated due to an unexpected unhandled exception.
Traceback (most recent call last):

  File "P:\Project_CourthouseMonthlyCalendar\gen_court_session_calendar.py", line 171, in <module>
    typer.run(main)
    │     │   └ <function main at 0x000001DCE88AF2E0>
    │     └ <function run at 0x000001DCE883E340>
    └ <module 'typer' from 'P:\\Project_CourthouseMonthlyCalendar\\.venv\\Lib\\site-packages\\typer\\__init__.py'>

  File "P:\Project_CourthouseMonthlyCalendar\.venv\Lib\site-packages\typer\main.py", line 1071, in run
    app()
    └ <typer.main.Typer object at 0x000001DCE88B82F0>
  File "P:\Project_CourthouseMonthlyCalendar\.venv\Lib\site-packages\typer\main.py", line 308, in __call__
    return get_command(self)(*args, **kwargs)
           │           │      │       └ {}
           │           │      └ ()
           │           └ <typer.main.Typer object at 0x000001DCE88B82F0>
           └ <function get_command at 0x000001DCE883D800>
  File "P:\Project_CourthouseMonthlyCalendar\.venv\Lib\site-packages\click\core.py", line 1462, in __call__
    return self.main(*args, **kwargs)
           │    │     │       └ {}
           │    │     └ ()
           │    └ <function TyperCommand.main at 0x000001DCE883CE00>
           └ <TyperCommand main>
  File "P:\Project_CourthouseMonthlyCalendar\.venv\Lib\site-packages\typer\core.py", line 719, in main
    return _main(
           └ <function _main at 0x000001DCE883C040>
  File "P:\Project_CourthouseMonthlyCalendar\.venv\Lib\site-packages\typer\core.py", line 192, in _main
    rv = self.invoke(ctx)
         │    │      └ <click.core.Context object at 0x000001DCE88B8980>
         │    └ <function Command.invoke at 0x000001DCE87E40E0>
         └ <TyperCommand main>
  File "P:\Project_CourthouseMonthlyCalendar\.venv\Lib\site-packages\click\core.py", line 1246, in invoke
    return ctx.invoke(self.callback, **ctx.params)
           │   │      │    │           │   └ {'config_file': 'gen_court_session_calendar.ini', 'yaml_config_file': 'gen_court_session_calendar.yaml'}
           │   │      │    │           └ <click.core.Context object at 0x000001DCE88B8980>
           │   │      │    └ <function main at 0x000001DCE88AF560>
           │   │      └ <TyperCommand main>
           │   └ <function Context.invoke at 0x000001DCE87DF2E0>
           └ <click.core.Context object at 0x000001DCE88B8980>
  File "P:\Project_CourthouseMonthlyCalendar\.venv\Lib\site-packages\click\core.py", line 814, in invoke
    return callback(*args, **kwargs)
           │         │       └ {'config_file': 'gen_court_session_calendar.ini', 'yaml_config_file': 'gen_court_session_calendar.yaml'}
           │         └ ()
           └ <function main at 0x000001DCE88AF560>
  File "P:\Project_CourthouseMonthlyCalendar\.venv\Lib\site-packages\typer\main.py", line 685, in wrapper
    return callback(**use_params)
           │          └ {'config_file': 'gen_court_session_calendar.ini', 'yaml_config_file': 'gen_court_session_calendar.yaml'}
           └ <function main at 0x000001DCE88AF2E0>

> File "P:\Project_CourthouseMonthlyCalendar\gen_court_session_calendar.py", line 123, in main
    breakpoint()

  File "c:\bin\Python313\Lib\bdb.py", line 116, in trace_dispatch
    return self.dispatch_opcode(frame, arg)
           │    │               │      └ None
           │    │               └ <frame at 0x000001DCE888D380, file 'P:\\Project_CourthouseMonthlyCalendar\\gen_court_session_calendar.py', line 168, code main>
           │    └ <function Bdb.dispatch_opcode at 0x000001DCE8958720>
           └ <pdb.Pdb object at 0x000001DCE8919FD0>
  File "c:\bin\Python313\Lib\bdb.py", line 216, in dispatch_opcode
    if self.quitting: raise BdbQuit
       │    │               └ <class 'bdb.BdbQuit'>
       │    └ True
       └ <pdb.Pdb object at 0x000001DCE8919FD0>

bdb.BdbQuit
2025-09-20 13:10:40 | INFO     | main                     :  102 - Starting: gen_court_session_calendar
2025-09-20 13:10:40 | INFO     | main                     :  104 - Reading YAML configurations from: gen_court_session_calendar.yaml
2025-09-20 13:11:17 | ERROR    | main                     :  172 - FATAL: Application terminated due to an unexpected unhandled exception.
Traceback (most recent call last):

  File "P:\Project_CourthouseMonthlyCalendar\gen_court_session_calendar.py", line 175, in <module>
    typer.run(main)
    │     │   └ <function main at 0x000002079A93F2E0>
    │     └ <function run at 0x000002079A8CE340>
    └ <module 'typer' from 'P:\\Project_CourthouseMonthlyCalendar\\.venv\\Lib\\site-packages\\typer\\__init__.py'>

  File "P:\Project_CourthouseMonthlyCalendar\.venv\Lib\site-packages\typer\main.py", line 1071, in run
    app()
    └ <typer.main.Typer object at 0x000002079A9442F0>
  File "P:\Project_CourthouseMonthlyCalendar\.venv\Lib\site-packages\typer\main.py", line 308, in __call__
    return get_command(self)(*args, **kwargs)
           │           │      │       └ {}
           │           │      └ ()
           │           └ <typer.main.Typer object at 0x000002079A9442F0>
           └ <function get_command at 0x000002079A8CD800>
  File "P:\Project_CourthouseMonthlyCalendar\.venv\Lib\site-packages\click\core.py", line 1462, in __call__
    return self.main(*args, **kwargs)
           │    │     │       └ {}
           │    │     └ ()
           │    └ <function TyperCommand.main at 0x000002079A8CCE00>
           └ <TyperCommand main>
  File "P:\Project_CourthouseMonthlyCalendar\.venv\Lib\site-packages\typer\core.py", line 719, in main
    return _main(
           └ <function _main at 0x000002079A8CC040>
  File "P:\Project_CourthouseMonthlyCalendar\.venv\Lib\site-packages\typer\core.py", line 192, in _main
    rv = self.invoke(ctx)
         │    │      └ <click.core.Context object at 0x000002079A944980>
         │    └ <function Command.invoke at 0x000002079A8740E0>
         └ <TyperCommand main>
  File "P:\Project_CourthouseMonthlyCalendar\.venv\Lib\site-packages\click\core.py", line 1246, in invoke
    return ctx.invoke(self.callback, **ctx.params)
           │   │      │    │           │   └ {'config_file': 'gen_court_session_calendar.ini', 'yaml_config_file': 'gen_court_session_calendar.yaml'}
           │   │      │    │           └ <click.core.Context object at 0x000002079A944980>
           │   │      │    └ <function main at 0x000002079A93F560>
           │   │      └ <TyperCommand main>
           │   └ <function Context.invoke at 0x000002079A86F2E0>
           └ <click.core.Context object at 0x000002079A944980>
  File "P:\Project_CourthouseMonthlyCalendar\.venv\Lib\site-packages\click\core.py", line 814, in invoke
    return callback(*args, **kwargs)
           │         │       └ {'config_file': 'gen_court_session_calendar.ini', 'yaml_config_file': 'gen_court_session_calendar.yaml'}
           │         └ ()
           └ <function main at 0x000002079A93F560>
  File "P:\Project_CourthouseMonthlyCalendar\.venv\Lib\site-packages\typer\main.py", line 685, in wrapper
    return callback(**use_params)
           │          └ {'config_file': 'gen_court_session_calendar.ini', 'yaml_config_file': 'gen_court_session_calendar.yaml'}
           └ <function main at 0x000002079A93F2E0>

> File "P:\Project_CourthouseMonthlyCalendar\gen_court_session_calendar.py", line 148, in main
    cell.border = title_border
    │    └ <openpyxl.styles.styleable.StyleDescriptor object at 0x00000207FFC6AE90>
    └ <Cell 'Sheet'.A1>

NameError: name 'title_border' is not defined
2025-09-20 13:17:05 | INFO     | main                     :  102 - Starting: gen_court_session_calendar
2025-09-20 13:17:05 | INFO     | main                     :  104 - Reading YAML configurations from: gen_court_session_calendar.yaml
2025-09-20 13:18:17 | ERROR    | main                     :  190 - FATAL: Application terminated due to an unexpected unhandled exception.
Traceback (most recent call last):

  File "P:\Project_CourthouseMonthlyCalendar\gen_court_session_calendar.py", line 193, in <module>
    typer.run(main)
    │     │   └ <function main at 0x0000020084043560>
    │     └ <function run at 0x00000200FFF965C0>
    └ <module 'typer' from 'P:\\Project_CourthouseMonthlyCalendar\\.venv\\Lib\\site-packages\\typer\\__init__.py'>

  File "P:\Project_CourthouseMonthlyCalendar\.venv\Lib\site-packages\typer\main.py", line 1071, in run
    app()
    └ <typer.main.Typer object at 0x00000200840581A0>
  File "P:\Project_CourthouseMonthlyCalendar\.venv\Lib\site-packages\typer\main.py", line 308, in __call__
    return get_command(self)(*args, **kwargs)
           │           │      │       └ {}
           │           │      └ ()
           │           └ <typer.main.Typer object at 0x00000200840581A0>
           └ <function get_command at 0x00000200FFF95A80>
  File "P:\Project_CourthouseMonthlyCalendar\.venv\Lib\site-packages\click\core.py", line 1462, in __call__
    return self.main(*args, **kwargs)
           │    │     │       └ {}
           │    │     └ ()
           │    └ <function TyperCommand.main at 0x00000200FFF95080>
           └ <TyperCommand main>
  File "P:\Project_CourthouseMonthlyCalendar\.venv\Lib\site-packages\typer\core.py", line 719, in main
    return _main(
           └ <function _main at 0x00000200FFF942C0>
  File "P:\Project_CourthouseMonthlyCalendar\.venv\Lib\site-packages\typer\core.py", line 192, in _main
    rv = self.invoke(ctx)
         │    │      └ <click.core.Context object at 0x0000020084058830>
         │    └ <function Command.invoke at 0x00000200FFF48360>
         └ <TyperCommand main>
  File "P:\Project_CourthouseMonthlyCalendar\.venv\Lib\site-packages\click\core.py", line 1246, in invoke
    return ctx.invoke(self.callback, **ctx.params)
           │   │      │    │           │   └ {'config_file': 'gen_court_session_calendar.ini', 'yaml_config_file': 'gen_court_session_calendar.yaml'}
           │   │      │    │           └ <click.core.Context object at 0x0000020084058830>
           │   │      │    └ <function main at 0x00000200840437E0>
           │   │      └ <TyperCommand main>
           │   └ <function Context.invoke at 0x00000200FFF3F560>
           └ <click.core.Context object at 0x0000020084058830>
  File "P:\Project_CourthouseMonthlyCalendar\.venv\Lib\site-packages\click\core.py", line 814, in invoke
    return callback(*args, **kwargs)
           │         │       └ {'config_file': 'gen_court_session_calendar.ini', 'yaml_config_file': 'gen_court_session_calendar.yaml'}
           │         └ ()
           └ <function main at 0x00000200840437E0>
  File "P:\Project_CourthouseMonthlyCalendar\.venv\Lib\site-packages\typer\main.py", line 685, in wrapper
    return callback(**use_params)
           │          └ {'config_file': 'gen_court_session_calendar.ini', 'yaml_config_file': 'gen_court_session_calendar.yaml'}
           └ <function main at 0x0000020084043560>

> File "P:\Project_CourthouseMonthlyCalendar\gen_court_session_calendar.py", line 123, in main
    breakpoint()

  File "c:\bin\Python313\Lib\bdb.py", line 116, in trace_dispatch
    return self.dispatch_opcode(frame, arg)
           │    │               │      └ None
           │    │               └ <frame at 0x000002008407C9A0, file 'P:\\Project_CourthouseMonthlyCalendar\\gen_court_session_calendar.py', line 190, code main>
           │    └ <function Bdb.dispatch_opcode at 0x00000200840F09A0>
           └ <pdb.Pdb object at 0x00000200840B5E80>
  File "c:\bin\Python313\Lib\bdb.py", line 216, in dispatch_opcode
    if self.quitting: raise BdbQuit
       │    │               └ <class 'bdb.BdbQuit'>
       │    └ True
       └ <pdb.Pdb object at 0x00000200840B5E80>

bdb.BdbQuit
2025-09-20 13:18:19 | INFO     | main                     :  102 - Starting: gen_court_session_calendar
2025-09-20 13:18:19 | INFO     | main                     :  104 - Reading YAML configurations from: gen_court_session_calendar.yaml
2025-09-20 13:19:12 | ERROR    | main                     :  183 - FATAL: Missing required configuration key: 'top_left_cell'
Traceback (most recent call last):

  File "P:\Project_CourthouseMonthlyCalendar\gen_court_session_calendar.py", line 193, in <module>
    typer.run(main)
    │     │   └ <function main at 0x000002187C63F2E0>
    │     └ <function run at 0x000002187C5BE340>
    └ <module 'typer' from 'P:\\Project_CourthouseMonthlyCalendar\\.venv\\Lib\\site-packages\\typer\\__init__.py'>

  File "P:\Project_CourthouseMonthlyCalendar\.venv\Lib\site-packages\typer\main.py", line 1071, in run
    app()
    └ <typer.main.Typer object at 0x000002187C64C1A0>
  File "P:\Project_CourthouseMonthlyCalendar\.venv\Lib\site-packages\typer\main.py", line 308, in __call__
    return get_command(self)(*args, **kwargs)
           │           │      │       └ {}
           │           │      └ ()
           │           └ <typer.main.Typer object at 0x000002187C64C1A0>
           └ <function get_command at 0x000002187C5BD800>
  File "P:\Project_CourthouseMonthlyCalendar\.venv\Lib\site-packages\click\core.py", line 1462, in __call__
    return self.main(*args, **kwargs)
           │    │     │       └ {}
           │    │     └ ()
           │    └ <function TyperCommand.main at 0x000002187C5BCE00>
           └ <TyperCommand main>
  File "P:\Project_CourthouseMonthlyCalendar\.venv\Lib\site-packages\typer\core.py", line 719, in main
    return _main(
           └ <function _main at 0x000002187C5BC040>
  File "P:\Project_CourthouseMonthlyCalendar\.venv\Lib\site-packages\typer\core.py", line 192, in _main
    rv = self.invoke(ctx)
         │    │      └ <click.core.Context object at 0x000002187C64C830>
         │    └ <function Command.invoke at 0x000002187C5640E0>
         └ <TyperCommand main>
  File "P:\Project_CourthouseMonthlyCalendar\.venv\Lib\site-packages\click\core.py", line 1246, in invoke
    return ctx.invoke(self.callback, **ctx.params)
           │   │      │    │           │   └ {'config_file': 'gen_court_session_calendar.ini', 'yaml_config_file': 'gen_court_session_calendar.yaml'}
           │   │      │    │           └ <click.core.Context object at 0x000002187C64C830>
           │   │      │    └ <function main at 0x000002187C63F560>
           │   │      └ <TyperCommand main>
           │   └ <function Context.invoke at 0x000002187C55B2E0>
           └ <click.core.Context object at 0x000002187C64C830>
  File "P:\Project_CourthouseMonthlyCalendar\.venv\Lib\site-packages\click\core.py", line 814, in invoke
    return callback(*args, **kwargs)
           │         │       └ {'config_file': 'gen_court_session_calendar.ini', 'yaml_config_file': 'gen_court_session_calendar.yaml'}
           │         └ ()
           └ <function main at 0x000002187C63F560>
  File "P:\Project_CourthouseMonthlyCalendar\.venv\Lib\site-packages\typer\main.py", line 685, in wrapper
    return callback(**use_params)
           │          └ {'config_file': 'gen_court_session_calendar.ini', 'yaml_config_file': 'gen_court_session_calendar.yaml'}
           └ <function main at 0x000002187C63F2E0>

> File "P:\Project_CourthouseMonthlyCalendar\gen_court_session_calendar.py", line 114, in main
    top_left_cell = v['cell_range']['top_left_cell']
                    └ {'cell_range': {'top_left': 'A3', 'bottom_right': 'E3', 'merge_cells': 'ByColumn'}, 'text': ['Presiding Superior Court Judge:...

KeyError: 'top_left_cell'
2025-09-20 13:20:53 | INFO     | main                     :  102 - Starting: gen_court_session_calendar
2025-09-20 13:20:53 | INFO     | main                     :  104 - Reading YAML configurations from: gen_court_session_calendar.yaml
2025-09-20 13:21:07 | ERROR    | main                     :  183 - FATAL: Missing required configuration key: 'bottom_right_cell'
Traceback (most recent call last):

  File "P:\Project_CourthouseMonthlyCalendar\gen_court_session_calendar.py", line 193, in <module>
    typer.run(main)
    │     │   └ <function main at 0x0000023DBFC5F2E0>
    │     └ <function run at 0x0000023DBFBDE340>
    └ <module 'typer' from 'P:\\Project_CourthouseMonthlyCalendar\\.venv\\Lib\\site-packages\\typer\\__init__.py'>

  File "P:\Project_CourthouseMonthlyCalendar\.venv\Lib\site-packages\typer\main.py", line 1071, in run
    app()
    └ <typer.main.Typer object at 0x0000023DBFC6C1A0>
  File "P:\Project_CourthouseMonthlyCalendar\.venv\Lib\site-packages\typer\main.py", line 308, in __call__
    return get_command(self)(*args, **kwargs)
           │           │      │       └ {}
           │           │      └ ()
           │           └ <typer.main.Typer object at 0x0000023DBFC6C1A0>
           └ <function get_command at 0x0000023DBFBDD800>
  File "P:\Project_CourthouseMonthlyCalendar\.venv\Lib\site-packages\click\core.py", line 1462, in __call__
    return self.main(*args, **kwargs)
           │    │     │       └ {}
           │    │     └ ()
           │    └ <function TyperCommand.main at 0x0000023DBFBDCE00>
           └ <TyperCommand main>
  File "P:\Project_CourthouseMonthlyCalendar\.venv\Lib\site-packages\typer\core.py", line 719, in main
    return _main(
           └ <function _main at 0x0000023DBFBDC040>
  File "P:\Project_CourthouseMonthlyCalendar\.venv\Lib\site-packages\typer\core.py", line 192, in _main
    rv = self.invoke(ctx)
         │    │      └ <click.core.Context object at 0x0000023DBFC6C830>
         │    └ <function Command.invoke at 0x0000023DBFB840E0>
         └ <TyperCommand main>
  File "P:\Project_CourthouseMonthlyCalendar\.venv\Lib\site-packages\click\core.py", line 1246, in invoke
    return ctx.invoke(self.callback, **ctx.params)
           │   │      │    │           │   └ {'config_file': 'gen_court_session_calendar.ini', 'yaml_config_file': 'gen_court_session_calendar.yaml'}
           │   │      │    │           └ <click.core.Context object at 0x0000023DBFC6C830>
           │   │      │    └ <function main at 0x0000023DBFC5F560>
           │   │      └ <TyperCommand main>
           │   └ <function Context.invoke at 0x0000023DBFB7F2E0>
           └ <click.core.Context object at 0x0000023DBFC6C830>
  File "P:\Project_CourthouseMonthlyCalendar\.venv\Lib\site-packages\click\core.py", line 814, in invoke
    return callback(*args, **kwargs)
           │         │       └ {'config_file': 'gen_court_session_calendar.ini', 'yaml_config_file': 'gen_court_session_calendar.yaml'}
           │         └ ()
           └ <function main at 0x0000023DBFC5F560>
  File "P:\Project_CourthouseMonthlyCalendar\.venv\Lib\site-packages\typer\main.py", line 685, in wrapper
    return callback(**use_params)
           │          └ {'config_file': 'gen_court_session_calendar.ini', 'yaml_config_file': 'gen_court_session_calendar.yaml'}
           └ <function main at 0x0000023DBFC5F2E0>

> File "P:\Project_CourthouseMonthlyCalendar\gen_court_session_calendar.py", line 116, in main
    bottom_right_cell = v['cell_range']['bottom_right_cell']
                        └ {'cell_range': {'top_left_cell': 'E3', 'merge_cells': 'ByColumn'}, 'text': ['Presiding Superior Court Judge: Honorable Jeffre...

KeyError: 'bottom_right_cell'
2025-09-20 13:21:34 | INFO     | main                     :  102 - Starting: gen_court_session_calendar
2025-09-20 13:21:34 | INFO     | main                     :  104 - Reading YAML configurations from: gen_court_session_calendar.yaml
2025-09-20 13:21:52 | ERROR    | main                     :  190 - FATAL: Application terminated due to an unexpected unhandled exception.
Traceback (most recent call last):

  File "P:\Project_CourthouseMonthlyCalendar\gen_court_session_calendar.py", line 193, in <module>
    typer.run(main)
    │     │   └ <function main at 0x000001A5FF01F2E0>
    │     └ <function run at 0x000001A5FEF9E340>
    └ <module 'typer' from 'P:\\Project_CourthouseMonthlyCalendar\\.venv\\Lib\\site-packages\\typer\\__init__.py'>

  File "P:\Project_CourthouseMonthlyCalendar\.venv\Lib\site-packages\typer\main.py", line 1071, in run
    app()
    └ <typer.main.Typer object at 0x000001A5FF02C1A0>
  File "P:\Project_CourthouseMonthlyCalendar\.venv\Lib\site-packages\typer\main.py", line 308, in __call__
    return get_command(self)(*args, **kwargs)
           │           │      │       └ {}
           │           │      └ ()
           │           └ <typer.main.Typer object at 0x000001A5FF02C1A0>
           └ <function get_command at 0x000001A5FEF9D800>
  File "P:\Project_CourthouseMonthlyCalendar\.venv\Lib\site-packages\click\core.py", line 1462, in __call__
    return self.main(*args, **kwargs)
           │    │     │       └ {}
           │    │     └ ()
           │    └ <function TyperCommand.main at 0x000001A5FEF9CE00>
           └ <TyperCommand main>
  File "P:\Project_CourthouseMonthlyCalendar\.venv\Lib\site-packages\typer\core.py", line 719, in main
    return _main(
           └ <function _main at 0x000001A5FEF9C040>
  File "P:\Project_CourthouseMonthlyCalendar\.venv\Lib\site-packages\typer\core.py", line 192, in _main
    rv = self.invoke(ctx)
         │    │      └ <click.core.Context object at 0x000001A5FF02C830>
         │    └ <function Command.invoke at 0x000001A5FEF440E0>
         └ <TyperCommand main>
  File "P:\Project_CourthouseMonthlyCalendar\.venv\Lib\site-packages\click\core.py", line 1246, in invoke
    return ctx.invoke(self.callback, **ctx.params)
           │   │      │    │           │   └ {'config_file': 'gen_court_session_calendar.ini', 'yaml_config_file': 'gen_court_session_calendar.yaml'}
           │   │      │    │           └ <click.core.Context object at 0x000001A5FF02C830>
           │   │      │    └ <function main at 0x000001A5FF01F560>
           │   │      └ <TyperCommand main>
           │   └ <function Context.invoke at 0x000001A5FEF3B2E0>
           └ <click.core.Context object at 0x000001A5FF02C830>
  File "P:\Project_CourthouseMonthlyCalendar\.venv\Lib\site-packages\click\core.py", line 814, in invoke
    return callback(*args, **kwargs)
           │         │       └ {'config_file': 'gen_court_session_calendar.ini', 'yaml_config_file': 'gen_court_session_calendar.yaml'}
           │         └ ()
           └ <function main at 0x000001A5FF01F560>
  File "P:\Project_CourthouseMonthlyCalendar\.venv\Lib\site-packages\typer\main.py", line 685, in wrapper
    return callback(**use_params)
           │          └ {'config_file': 'gen_court_session_calendar.ini', 'yaml_config_file': 'gen_court_session_calendar.yaml'}
           └ <function main at 0x000001A5FF01F2E0>

> File "P:\Project_CourthouseMonthlyCalendar\gen_court_session_calendar.py", line 114, in main
    breakpoint()

  File "c:\bin\Python313\Lib\bdb.py", line 116, in trace_dispatch
    return self.dispatch_opcode(frame, arg)
           │    │               │      └ None
           │    │               └ <frame at 0x000001A5FF0549A0, file 'P:\\Project_CourthouseMonthlyCalendar\\gen_court_session_calendar.py', line 190, code main>
           │    └ <function Bdb.dispatch_opcode at 0x000001A5FF0C8720>
           └ <pdb.Pdb object at 0x000001A5FF089D30>
  File "c:\bin\Python313\Lib\bdb.py", line 216, in dispatch_opcode
    if self.quitting: raise BdbQuit
       │    │               └ <class 'bdb.BdbQuit'>
       │    └ True
       └ <pdb.Pdb object at 0x000001A5FF089D30>

bdb.BdbQuit
2025-09-20 13:22:16 | INFO     | main                     :  102 - Starting: gen_court_session_calendar
2025-09-20 13:22:16 | INFO     | main                     :  104 - Reading YAML configurations from: gen_court_session_calendar.yaml
2025-09-20 13:27:48 | INFO     | main                     :  102 - Starting: gen_court_session_calendar
2025-09-20 13:27:48 | INFO     | main                     :  104 - Reading YAML configurations from: gen_court_session_calendar.yaml
2025-09-20 13:36:34 | INFO     | main                     :  102 - Starting: gen_court_session_calendar
2025-09-20 13:36:34 | INFO     | main                     :  104 - Reading YAML configurations from: gen_court_session_calendar.yaml
2025-09-20 13:42:32 | INFO     | main                     :  102 - Starting: gen_court_session_calendar
2025-09-20 13:42:32 | INFO     | main                     :  104 - Reading YAML configurations from: gen_court_session_calendar.yaml
2025-09-20 13:44:36 | INFO     | main                     :  102 - Starting: gen_court_session_calendar
2025-09-20 13:44:36 | INFO     | main                     :  104 - Reading YAML configurations from: gen_court_session_calendar.yaml
2025-09-20 13:48:42 | INFO     | main                     :  102 - Starting: gen_court_session_calendar
2025-09-20 13:48:42 | INFO     | main                     :  104 - Reading YAML configurations from: gen_court_session_calendar.yaml
2025-09-20 13:49:17 | ERROR    | main                     :  208 - FATAL: Application terminated due to an unexpected unhandled exception.
Traceback (most recent call last):

  File "P:\Project_CourthouseMonthlyCalendar\gen_court_session_calendar.py", line 211, in <module>
    typer.run(main)
    │     │   └ <function main at 0x000001E6408FF2E0>
    │     └ <function run at 0x000001E640882340>
    └ <module 'typer' from 'P:\\Project_CourthouseMonthlyCalendar\\.venv\\Lib\\site-packages\\typer\\__init__.py'>

  File "P:\Project_CourthouseMonthlyCalendar\.venv\Lib\site-packages\typer\main.py", line 1071, in run
    app()
    └ <typer.main.Typer object at 0x000001E6409101A0>
  File "P:\Project_CourthouseMonthlyCalendar\.venv\Lib\site-packages\typer\main.py", line 308, in __call__
    return get_command(self)(*args, **kwargs)
           │           │      │       └ {}
           │           │      └ ()
           │           └ <typer.main.Typer object at 0x000001E6409101A0>
           └ <function get_command at 0x000001E640881800>
  File "P:\Project_CourthouseMonthlyCalendar\.venv\Lib\site-packages\click\core.py", line 1462, in __call__
    return self.main(*args, **kwargs)
           │    │     │       └ {}
           │    │     └ ()
           │    └ <function TyperCommand.main at 0x000001E640880E00>
           └ <TyperCommand main>
  File "P:\Project_CourthouseMonthlyCalendar\.venv\Lib\site-packages\typer\core.py", line 719, in main
    return _main(
           └ <function _main at 0x000001E640880040>
  File "P:\Project_CourthouseMonthlyCalendar\.venv\Lib\site-packages\typer\core.py", line 192, in _main
    rv = self.invoke(ctx)
         │    │      └ <click.core.Context object at 0x000001E640910830>
         │    └ <function Command.invoke at 0x000001E6408240E0>
         └ <TyperCommand main>
  File "P:\Project_CourthouseMonthlyCalendar\.venv\Lib\site-packages\click\core.py", line 1246, in invoke
    return ctx.invoke(self.callback, **ctx.params)
           │   │      │    │           │   └ {'config_file': 'gen_court_session_calendar.ini', 'yaml_config_file': 'gen_court_session_calendar.yaml'}
           │   │      │    │           └ <click.core.Context object at 0x000001E640910830>
           │   │      │    └ <function main at 0x000001E6408FF560>
           │   │      └ <TyperCommand main>
           │   └ <function Context.invoke at 0x000001E64081F2E0>
           └ <click.core.Context object at 0x000001E640910830>
  File "P:\Project_CourthouseMonthlyCalendar\.venv\Lib\site-packages\click\core.py", line 814, in invoke
    return callback(*args, **kwargs)
           │         │       └ {'config_file': 'gen_court_session_calendar.ini', 'yaml_config_file': 'gen_court_session_calendar.yaml'}
           │         └ ()
           └ <function main at 0x000001E6408FF560>
  File "P:\Project_CourthouseMonthlyCalendar\.venv\Lib\site-packages\typer\main.py", line 685, in wrapper
    return callback(**use_params)
           │          └ {'config_file': 'gen_court_session_calendar.ini', 'yaml_config_file': 'gen_court_session_calendar.yaml'}
           └ <function main at 0x000001E6408FF2E0>

> File "P:\Project_CourthouseMonthlyCalendar\gen_court_session_calendar.py", line 148, in main
    bottom=Side(
           └ <class 'openpyxl.styles.borders.Side'>

  File "P:\Project_CourthouseMonthlyCalendar\.venv\Lib\site-packages\openpyxl\styles\borders.py", line 50, in __init__
    self.style = style
    │    │       └ 'Thin'
    │    └ <openpyxl.descriptors.base.NoneSet object at 0x000001E6403EC510>
    └ <openpyxl.styles.borders.Side object>
      Parameters:
      style=None, color=None
  File "P:\Project_CourthouseMonthlyCalendar\.venv\Lib\site-packages\openpyxl\descriptors\base.py", line 147, in __set__
    super().__set__(instance, value)
                    │         └ 'Thin'
                    └ <openpyxl.styles.borders.Side object>
                      Parameters:
                      style=None, color=None
  File "P:\Project_CourthouseMonthlyCalendar\.venv\Lib\site-packages\openpyxl\descriptors\base.py", line 132, in __set__
    raise ValueError(self.__doc__)
                     │    └ "Value must be one of {'double', 'mediumDashed', 'mediumDashDotDot', 'thin', 'mediumDashDot', 'dashed', 'dashDot', 'medium', ...
                     └ <openpyxl.descriptors.base.NoneSet object at 0x000001E6403EC510>

ValueError: Value must be one of {'double', 'mediumDashed', 'mediumDashDotDot', 'thin', 'mediumDashDot', 'dashed', 'dashDot', 'medium', 'slantDashDot', 'dotted', 'thick', 'hair', 'dashDotDot'}
2025-09-20 13:52:32 | INFO     | main                     :  102 - Starting: gen_court_session_calendar
2025-09-20 13:52:32 | INFO     | main                     :  104 - Reading YAML configurations from: gen_court_session_calendar.yaml
2025-09-20 13:52:32 | INFO     | main                     :  114 - Creating: title
2025-09-20 13:52:32 | INFO     | main                     :  114 - Creating: subtitle
2025-09-20 13:52:32 | INFO     | main                     :  114 - Creating: workday
